# JRE version: Java(TM) SE Runtime Environment (8.0_202-b08) (build 1.8.0_202-b08)
# Java VM: Java HotSpot(TM) 64-Bit Server VM (25.202-b08 mixed mode windows-amd64 compressed oops)
Heap:
 PSYoungGen      total 310272K, used 31332K [0x000000076c700000, 0x0000000781a80000, 0x00000007c0000000)
  eden space 282112K, 1% used [0x000000076c700000,0x000000076ca1ef10,0x000000077da80000)
  from space 28160K, 99% used [0x000000077da80000,0x000000077f5fa270,0x000000077f600000)
  to   space 22016K, 0% used [0x000000077f600000,0x000000077f600000,0x0000000780b80000)
 ParOldGen       total 239616K, used 43614K [0x00000006c5400000, 0x00000006d3e00000, 0x000000076c700000)
  object space 239616K, 18% used [0x00000006c5400000,0x00000006c7e97ad8,0x00000006d3e00000)
 Metaspace       used 81369K, capacity 86558K, committed 86656K, reserved 1124352K
  class space    used 10987K, capacity 11902K, committed 11904K, reserved 1048576K
GC Heap History (10 events):
Event: 6.920 GC heap before
{Heap before GC invocations=16 (full 3):
 PSYoungGen      total 221696K, used 15867K [0x000000076c700000, 0x000000077de80000, 0x00000007c0000000)
  eden space 205824K, 0% used [0x000000076c700000,0x000000076c700000,0x0000000779000000)
  from space 15872K, 99% used [0x0000000779000000,0x0000000779f7ecd8,0x0000000779f80000)
  to   space 18432K, 0% used [0x000000077cc80000,0x000000077cc80000,0x000000077de80000)
 ParOldGen       total 163328K, used 16420K [0x00000006c5400000, 0x00000006cf380000, 0x000000076c700000)
  object space 163328K, 10% used [0x00000006c5400000,0x00000006c6409078,0x00000006cf380000)
 Metaspace       used 55979K, capacity 59008K, committed 59136K, reserved 1099776K
  class space    used 7546K, capacity 8121K, committed 8192K, reserved 1048576K
Event: 7.014 GC heap after
Heap after GC invocations=16 (full 3):
 PSYoungGen      total 221696K, used 0K [0x000000076c700000, 0x000000077de80000, 0x00000007c0000000)
  eden space 205824K, 0% used [0x000000076c700000,0x000000076c700000,0x0000000779000000)
  from space 15872K, 0% used [0x0000000779000000,0x0000000779000000,0x0000000779f80000)
  to   space 18432K, 0% used [0x000000077cc80000,0x000000077cc80000,0x000000077de80000)
 ParOldGen       total 239616K, used 26376K [0x00000006c5400000, 0x00000006d3e00000, 0x000000076c700000)
  object space 239616K, 11% used [0x00000006c5400000,0x00000006c6dc2378,0x00000006d3e00000)
 Metaspace       used 55979K, capacity 59008K, committed 59136K, reserved 1099776K
  class space    used 7546K, capacity 8121K, committed 8192K, reserved 1048576K
}
Event: 8.003 GC heap before
{Heap before GC invocations=17 (full 3):
 PSYoungGen      total 221696K, used 205824K [0x000000076c700000, 0x000000077de80000, 0x00000007c0000000)
  eden space 205824K, 100% used [0x000000076c700000,0x0000000779000000,0x0000000779000000)
  from space 15872K, 0% used [0x0000000779000000,0x0000000779000000,0x0000000779f80000)
  to   space 18432K, 0% used [0x000000077cc80000,0x000000077cc80000,0x000000077de80000)
 ParOldGen       total 239616K, used 26376K [0x00000006c5400000, 0x00000006d3e00000, 0x000000076c700000)
  object space 239616K, 11% used [0x00000006c5400000,0x00000006c6dc2378,0x00000006d3e00000)
 Metaspace       used 61556K, capacity 64954K, committed 65152K, reserved 1105920K
  class space    used 8169K, capacity 8784K, committed 8832K, reserved 1048576K
Event: 8.009 GC heap after
Heap after GC invocations=17 (full 3):
 PSYoungGen      total 259584K, used 8182K [0x000000076c700000, 0x000000077da00000, 0x00000007c0000000)
  eden space 245760K, 0% used [0x000000076c700000,0x000000076c700000,0x000000077b700000)
  from space 13824K, 59% used [0x000000077cc80000,0x000000077d47dbb0,0x000000077da00000)
  to   space 17920K, 0% used [0x000000077b700000,0x000000077b700000,0x000000077c880000)
 ParOldGen       total 239616K, used 26384K [0x00000006c5400000, 0x00000006d3e00000, 0x000000076c700000)
  object space 239616K, 11% used [0x00000006c5400000,0x00000006c6dc4378,0x00000006d3e00000)
 Metaspace       used 61556K, capacity 64954K, committed 65152K, reserved 1105920K
  class space    used 8169K, capacity 8784K, committed 8832K, reserved 1048576K
}
Event: 10.777 GC heap before
{Heap before GC invocations=18 (full 3):
 PSYoungGen      total 259584K, used 253942K [0x000000076c700000, 0x000000077da00000, 0x00000007c0000000)
  eden space 245760K, 100% used [0x000000076c700000,0x000000077b700000,0x000000077b700000)
  from space 13824K, 59% used [0x000000077cc80000,0x000000077d47dbb0,0x000000077da00000)
  to   space 17920K, 0% used [0x000000077b700000,0x000000077b700000,0x000000077c880000)
 ParOldGen       total 239616K, used 26384K [0x00000006c5400000, 0x00000006d3e00000, 0x000000076c700000)
  object space 239616K, 11% used [0x00000006c5400000,0x00000006c6dc4378,0x00000006d3e00000)
 Metaspace       used 69135K, capacity 73456K, committed 73600K, reserved 1112064K
  class space    used 9256K, capacity 10029K, committed 10112K, reserved 1048576K
Event: 10.792 GC heap after
Heap after GC invocations=18 (full 3):
 PSYoungGen      total 263680K, used 17910K [0x000000076c700000, 0x0000000780b80000, 0x00000007c0000000)
  eden space 245760K, 0% used [0x000000076c700000,0x000000076c700000,0x000000077b700000)
  from space 17920K, 99% used [0x000000077b700000,0x000000077c87db90,0x000000077c880000)
  to   space 22016K, 0% used [0x000000077f600000,0x000000077f600000,0x0000000780b80000)
 ParOldGen       total 239616K, used 31534K [0x00000006c5400000, 0x00000006d3e00000, 0x000000076c700000)
  object space 239616K, 13% used [0x00000006c5400000,0x00000006c72cb860,0x00000006d3e00000)
 Metaspace       used 69135K, capacity 73456K, committed 73600K, reserved 1112064K
  class space    used 9256K, capacity 10029K, committed 10112K, reserved 1048576K
}
Event: 14.238 GC heap before
{Heap before GC invocations=19 (full 3):
 PSYoungGen      total 263680K, used 263670K [0x000000076c700000, 0x0000000780b80000, 0x00000007c0000000)
  eden space 245760K, 100% used [0x000000076c700000,0x000000077b700000,0x000000077b700000)
  from space 17920K, 99% used [0x000000077b700000,0x000000077c87db90,0x000000077c880000)
  to   space 22016K, 0% used [0x000000077f600000,0x000000077f600000,0x0000000780b80000)
 ParOldGen       total 239616K, used 31534K [0x00000006c5400000, 0x00000006d3e00000, 0x000000076c700000)
  object space 239616K, 13% used [0x00000006c5400000,0x00000006c72cb860,0x00000006d3e00000)
 Metaspace       used 74178K, capacity 78766K, committed 78848K, reserved 1118208K
  class space    used 9948K, capacity 10744K, committed 10752K, reserved 1048576K
Event: 14.294 GC heap after
Heap after GC invocations=19 (full 3):
 PSYoungGen      total 304128K, used 22008K [0x000000076c700000, 0x0000000781a80000, 0x00000007c0000000)
  eden space 282112K, 0% used [0x000000076c700000,0x000000076c700000,0x000000077da80000)
  from space 22016K, 99% used [0x000000077f600000,0x0000000780b7e278,0x0000000780b80000)
  to   space 28160K, 0% used [0x000000077da80000,0x000000077da80000,0x000000077f600000)
 ParOldGen       total 239616K, used 39748K [0x00000006c5400000, 0x00000006d3e00000, 0x000000076c700000)
  object space 239616K, 16% used [0x00000006c5400000,0x00000006c7ad1050,0x00000006d3e00000)
 Metaspace       used 74178K, capacity 78766K, committed 78848K, reserved 1118208K
  class space    used 9948K, capacity 10744K, committed 10752K, reserved 1048576K
}
Event: 18.630 GC heap before
{Heap before GC invocations=20 (full 3):
 PSYoungGen      total 304128K, used 304120K [0x000000076c700000, 0x0000000781a80000, 0x00000007c0000000)
  eden space 282112K, 100% used [0x000000076c700000,0x000000077da80000,0x000000077da80000)
  from space 22016K, 99% used [0x000000077f600000,0x0000000780b7e278,0x0000000780b80000)
  to   space 28160K, 0% used [0x000000077da80000,0x000000077da80000,0x000000077f600000)
 ParOldGen       total 239616K, used 39748K [0x00000006c5400000, 0x00000006d3e00000, 0x000000076c700000)
  object space 239616K, 16% used [0x00000006c5400000,0x00000006c7ad1050,0x00000006d3e00000)
 Metaspace       used 81348K, capacity 86556K, committed 86656K, reserved 1124352K
  class space    used 10985K, capacity 11901K, committed 11904K, reserved 1048576K
Event: 18.643 GC heap after
Heap after GC invocations=20 (full 3):
 PSYoungGen      total 310272K, used 28136K [0x000000076c700000, 0x0000000781a80000, 0x00000007c0000000)
  eden space 282112K, 0% used [0x000000076c700000,0x000000076c700000,0x000000077da80000)
  from space 28160K, 99% used [0x000000077da80000,0x000000077f5fa270,0x000000077f600000)
  to   space 22016K, 0% used [0x000000077f600000,0x000000077f600000,0x0000000780b80000)
 ParOldGen       total 239616K, used 43614K [0x00000006c5400000, 0x00000006d3e00000, 0x000000076c700000)
  object space 239616K, 18% used [0x00000006c5400000,0x00000006c7e97ad8,0x00000006d3e00000)
 Metaspace       used 81348K, capacity 86556K, committed 86656K, reserved 1124352K
  class space    used 10985K, capacity 11901K, committed 11904K, reserved 1048576K
}

